生成启动时间为 2019/1/30 9:24:57。
     1>项目“F:\LongQiang\SVNRepositories\gpsssensor\XTJC2016\HydroNav6.0\HuaceHydroNav\branch\develop\Source\OldDecryption\OldDecryption.vcxproj”在节点 2 上(rebuild 个目标)。
     1>_PrepareForClean:
         正在删除文件“Debug\OldDecryption.lastbuildstate”。
       InitializeBuildStatus:
         正在创建“Debug\OldDecryption.unsuccessfulbuild”，因为已指定“AlwaysCreate”。
       ClCompile:
         E:\Program Files\Microsoft Visual Studio 10.0\VC\bin\CL.exe /c /ZI /nologo /W3 /WX- /Od /Oy- /D _WINDLL /D _MBCS /Gm /EHsc /RTC1 /MDd /GS /fp:precise /Zc:wchar_t /Zc:forScope /Fo"Debug\\" /Fd"Debug\vc100.pdb" /Gd /TC /analyze- /errorReport:prompt Decryption.c
         Decryption.c
     1>f:\longqiang\svnrepositories\gpsssensor\xtjc2016\hydronav6.0\huacehydronav\branch\develop\source\olddecryption\decryption.c(78): warning C4244: “return”: 从“time_t”转换到“int”，可能丢失数据
     1>f:\longqiang\svnrepositories\gpsssensor\xtjc2016\hydronav6.0\huacehydronav\branch\develop\source\olddecryption\decryption.c(264): warning C4996: 'strcpy': This function or variable may be unsafe. Consider using strcpy_s instead. To disable deprecation, use _CRT_SECURE_NO_WARNINGS. See online help for details.
                 e:\program files\microsoft visual studio 10.0\vc\include\string.h(105) : 参见“strcpy”的声明
     1>f:\longqiang\svnrepositories\gpsssensor\xtjc2016\hydronav6.0\huacehydronav\branch\develop\source\olddecryption\decryption.c(270): warning C4996: 'strcpy': This function or variable may be unsafe. Consider using strcpy_s instead. To disable deprecation, use _CRT_SECURE_NO_WARNINGS. See online help for details.
                 e:\program files\microsoft visual studio 10.0\vc\include\string.h(105) : 参见“strcpy”的声明
     1>f:\longqiang\svnrepositories\gpsssensor\xtjc2016\hydronav6.0\huacehydronav\branch\develop\source\olddecryption\decryption.c(276): warning C4996: 'strcpy': This function or variable may be unsafe. Consider using strcpy_s instead. To disable deprecation, use _CRT_SECURE_NO_WARNINGS. See online help for details.
                 e:\program files\microsoft visual studio 10.0\vc\include\string.h(105) : 参见“strcpy”的声明
     1>f:\longqiang\svnrepositories\gpsssensor\xtjc2016\hydronav6.0\huacehydronav\branch\develop\source\olddecryption\decryption.c(389): warning C4996: 'sprintf': This function or variable may be unsafe. Consider using sprintf_s instead. To disable deprecation, use _CRT_SECURE_NO_WARNINGS. See online help for details.
                 e:\program files\microsoft visual studio 10.0\vc\include\stdio.h(371) : 参见“sprintf”的声明
     1>f:\longqiang\svnrepositories\gpsssensor\xtjc2016\hydronav6.0\huacehydronav\branch\develop\source\olddecryption\decryption.c(397): warning C4996: 'strcpy': This function or variable may be unsafe. Consider using strcpy_s instead. To disable deprecation, use _CRT_SECURE_NO_WARNINGS. See online help for details.
                 e:\program files\microsoft visual studio 10.0\vc\include\string.h(105) : 参见“strcpy”的声明
     1>f:\longqiang\svnrepositories\gpsssensor\xtjc2016\hydronav6.0\huacehydronav\branch\develop\source\olddecryption\decryption.c(431): warning C4244: “return”: 从“time_t”转换到“long”，可能丢失数据
       Link:
         E:\Program Files\Microsoft Visual Studio 10.0\VC\bin\link.exe /ERRORREPORT:PROMPT /OUT:"F:\LongQiang\SVNRepositories\gpsssensor\XTJC2016\HydroNav6.0\HuaceHydroNav\branch\develop\Source\OldDecryption\CHC.Bin\Debug\OldDecryption.dll" /NOLOGO kernel32.lib user32.lib gdi32.lib winspool.lib comdlg32.lib advapi32.lib shell32.lib ole32.lib oleaut32.lib uuid.lib odbc32.lib odbccp32.lib /MANIFEST /ManifestFile:"Debug\OldDecryption.dll.intermediate.manifest" /MANIFESTUAC:"level='asInvoker' uiAccess='false'" /DEBUG /PDB:"F:\LongQiang\SVNRepositories\gpsssensor\XTJC2016\HydroNav6.0\HuaceHydroNav\branch\develop\Source\OldDecryption\CHC.Bin\Debug\OldDecryption.pdb" /TLBID:1 /DYNAMICBASE /NXCOMPAT /IMPLIB:"F:\LongQiang\SVNRepositories\gpsssensor\XTJC2016\HydroNav6.0\HuaceHydroNav\branch\develop\Source\OldDecryption\CHC.Bin\Debug\OldDecryption.lib" /MACHINE:X86 /DLL Debug\Decryption.obj
            正在创建库 F:\LongQiang\SVNRepositories\gpsssensor\XTJC2016\HydroNav6.0\HuaceHydroNav\branch\develop\Source\OldDecryption\CHC.Bin\Debug\OldDecryption.lib 和对象 F:\LongQiang\SVNRepositories\gpsssensor\XTJC2016\HydroNav6.0\HuaceHydroNav\branch\develop\Source\OldDecryption\CHC.Bin\Debug\OldDecryption.exp
         OldDecryption.vcxproj -> F:\LongQiang\SVNRepositories\gpsssensor\XTJC2016\HydroNav6.0\HuaceHydroNav\branch\develop\Source\OldDecryption\CHC.Bin\Debug\OldDecryption.dll
       Manifest:
         C:\Program Files (x86)\Microsoft SDKs\Windows\v7.0A\bin\mt.exe /nologo /verbose /outputresource:"F:\LongQiang\SVNRepositories\gpsssensor\XTJC2016\HydroNav6.0\HuaceHydroNav\branch\develop\Source\OldDecryption\CHC.Bin\Debug\OldDecryption.dll;#2" /manifest Debug\OldDecryption.dll.intermediate.manifest
       FinalizeBuildStatus:
         正在删除文件“Debug\OldDecryption.unsuccessfulbuild”。
         正在对“Debug\OldDecryption.lastbuildstate”执行 Touch 任务。
     1>已完成生成项目“F:\LongQiang\SVNRepositories\gpsssensor\XTJC2016\HydroNav6.0\HuaceHydroNav\branch\develop\Source\OldDecryption\OldDecryption.vcxproj”(rebuild 个目标)的操作。

生成成功。

已用时间 00:00:01.93
