F:\LONGQIANG\SVNREPOSITORIES\GPSSSENSOR\XTJC2016\HYDRONAV6.0\HUACEHYDRONAV\BRANCH\DEVELOP\SOURCE\OLDDECRYPTION\CHC.BIN\DEBUG\OLDDECRYPTION.DLL
F:\LongQiang\SVNRepositories\gpsssensor\XTJC2016\HydroNav6.0\HuaceHydroNav\branch\develop\Source\OldDecryption\CHC.Bin\Debug\OldDecryption.exp
F:\LONGQIANG\SVNREPOSITORIES\GPSSSENSOR\XTJC2016\HYDRONAV6.0\HUACEHYDRONAV\BRANCH\DEVELOP\SOURCE\OLDDECRYPTION\CHC.BIN\DEBUG\OLDDECRYPTION.ILK
F:\LongQiang\SVNRepositories\gpsssensor\XTJC2016\HydroNav6.0\HuaceHydroNav\branch\develop\Source\OldDecryption\CHC.Bin\Debug\OldDecryption.lib
F:\LONGQIANG\SVNREPOSITORIES\GPSSSENSOR\XTJC2016\HYDRONAV6.0\HUACEHYDRONAV\BRANCH\DEVELOP\SOURCE\OLDDECRYPTION\CHC.BIN\DEBUG\OLDDECRYPTION.PDB
F:\LongQiang\SVNRepositories\gpsssensor\XTJC2016\HydroNav6.0\HuaceHydroNav\branch\develop\Source\OldDecryption\Debug\cl.command.1.tlog
F:\LongQiang\SVNRepositories\gpsssensor\XTJC2016\HydroNav6.0\HuaceHydroNav\branch\develop\Source\OldDecryption\Debug\CL.read.1.tlog
F:\LongQiang\SVNRepositories\gpsssensor\XTJC2016\HydroNav6.0\HuaceHydroNav\branch\develop\Source\OldDecryption\Debug\CL.write.1.tlog
F:\LONGQIANG\SVNREPOSITORIES\GPSSSENSOR\XTJC2016\HYDRONAV6.0\HUACEHYDRONAV\BRANCH\DEVELOP\SOURCE\OLDDECRYPTION\DEBUG\DECRYPTION.OBJ
F:\LongQiang\SVNRepositories\gpsssensor\XTJC2016\HydroNav6.0\HuaceHydroNav\branch\develop\Source\OldDecryption\Debug\link.command.1.tlog
F:\LongQiang\SVNRepositories\gpsssensor\XTJC2016\HydroNav6.0\HuaceHydroNav\branch\develop\Source\OldDecryption\Debug\link.read.1.tlog
F:\LongQiang\SVNRepositories\gpsssensor\XTJC2016\HydroNav6.0\HuaceHydroNav\branch\develop\Source\OldDecryption\Debug\link.write.1.tlog
F:\LongQiang\SVNRepositories\gpsssensor\XTJC2016\HydroNav6.0\HuaceHydroNav\branch\develop\Source\OldDecryption\Debug\mt.command.1.tlog
F:\LongQiang\SVNRepositories\gpsssensor\XTJC2016\HydroNav6.0\HuaceHydroNav\branch\develop\Source\OldDecryption\Debug\mt.read.1.tlog
F:\LongQiang\SVNRepositories\gpsssensor\XTJC2016\HydroNav6.0\HuaceHydroNav\branch\develop\Source\OldDecryption\Debug\mt.write.1.tlog
F:\LONGQIANG\SVNREPOSITORIES\GPSSSENSOR\XTJC2016\HYDRONAV6.0\HUACEHYDRONAV\BRANCH\DEVELOP\SOURCE\OLDDECRYPTION\DEBUG\OLDDECRYPTION.DLL.INTERMEDIATE.MANIFEST
F:\LongQiang\SVNRepositories\gpsssensor\XTJC2016\HydroNav6.0\HuaceHydroNav\branch\develop\Source\OldDecryption\Debug\OldDecryption.vcxprojResolveAssemblyReference.cache
F:\LongQiang\SVNRepositories\gpsssensor\XTJC2016\HydroNav6.0\HuaceHydroNav\branch\develop\Source\OldDecryption\Debug\OldDecryption.write.1.tlog
F:\LongQiang\SVNRepositories\gpsssensor\XTJC2016\HydroNav6.0\HuaceHydroNav\branch\develop\Source\OldDecryption\Debug\vc100.idb
F:\LONGQIANG\SVNREPOSITORIES\GPSSSENSOR\XTJC2016\HYDRONAV6.0\HUACEHYDRONAV\BRANCH\DEVELOP\SOURCE\OLDDECRYPTION\DEBUG\VC100.PDB
